2020-10-12 16:41:15.857 14956: http server started listening on [:8888]

  SERVER  | DOMAIN  | ADDRESS | METHOD |                       ROUTE                       |                           HANDLER                           |                   MIDDLEWARE                    
|---------|---------|---------|--------|---------------------------------------------------|-------------------------------------------------------------|------------------------------------------------|
  default | default | :8888   | ALL    | /*                                                | server/app/middleware.Error                                 | GLOBAL MIDDLEWARE                               
|---------|---------|---------|--------|---------------------------------------------------|-------------------------------------------------------------|------------------------------------------------|
  default | default | :8888   | POST   | /api/createApi                                    | server/app/api/v1.CreateApi                                 | middleware.JwtAuth,middleware.CasbinMiddleware  
|---------|---------|---------|--------|---------------------------------------------------|-------------------------------------------------------------|------------------------------------------------|
  default | default | :8888   | POST   | /api/deleteApi                                    | server/app/api/v1.DeleteApi                                 | middleware.JwtAuth,middleware.CasbinMiddleware  
|---------|---------|---------|--------|---------------------------------------------------|-------------------------------------------------------------|------------------------------------------------|
  default | default | :8888   | POST   | /api/getAllApis                                   | server/app/api/v1.GetAllApis                                | middleware.JwtAuth,middleware.CasbinMiddleware  
|---------|---------|---------|--------|---------------------------------------------------|-------------------------------------------------------------|------------------------------------------------|
  default | default | :8888   | POST   | /api/getApiById                                   | server/app/api/v1.GetApiById                                | middleware.JwtAuth,middleware.CasbinMiddleware  
|---------|---------|---------|--------|---------------------------------------------------|-------------------------------------------------------------|------------------------------------------------|
  default | default | :8888   | POST   | /api/getApiList                                   | server/app/api/v1.GetApiList                                | middleware.JwtAuth,middleware.CasbinMiddleware  
|---------|---------|---------|--------|---------------------------------------------------|-------------------------------------------------------------|------------------------------------------------|
  default | default | :8888   | POST   | /api/updateApi                                    | server/app/api/v1.UpdateApi                                 | middleware.JwtAuth,middleware.CasbinMiddleware  
|---------|---------|---------|--------|---------------------------------------------------|-------------------------------------------------------------|------------------------------------------------|
  default | default | :8888   | POST   | /authority/copyAuthority                          | server/app/api/v1.CopyAuthority                             | middleware.JwtAuth,middleware.CasbinMiddleware  
|---------|---------|---------|--------|---------------------------------------------------|-------------------------------------------------------------|------------------------------------------------|
  default | default | :8888   | POST   | /authority/createAuthority                        | server/app/api/v1.CreateAuthority                           | middleware.JwtAuth,middleware.CasbinMiddleware  
|---------|---------|---------|--------|---------------------------------------------------|-------------------------------------------------------------|------------------------------------------------|
  default | default | :8888   | POST   | /authority/deleteAuthority                        | server/app/api/v1.DeleteAuthority                           | middleware.JwtAuth,middleware.CasbinMiddleware  
|---------|---------|---------|--------|---------------------------------------------------|-------------------------------------------------------------|------------------------------------------------|
  default | default | :8888   | POST   | /authority/getAuthorityList                       | server/app/api/v1.GetAuthorityList                          | middleware.JwtAuth,middleware.CasbinMiddleware  
|---------|---------|---------|--------|---------------------------------------------------|-------------------------------------------------------------|------------------------------------------------|
  default | default | :8888   | POST   | /authority/setDataAuthority                       | server/app/api/v1.SetDataAuthority                          | middleware.JwtAuth,middleware.CasbinMiddleware  
|---------|---------|---------|--------|---------------------------------------------------|-------------------------------------------------------------|------------------------------------------------|
  default | default | :8888   | PUT    | /authority/updateAuthority                        | server/app/api/v1.UpdateAuthority                           | middleware.JwtAuth,middleware.CasbinMiddleware  
|---------|---------|---------|--------|---------------------------------------------------|-------------------------------------------------------------|------------------------------------------------|
  default | default | :8888   | POST   | /autoCode/createTemp                              | server/app/api/v1.CreateTemp                                | middleware.JwtAuth,middleware.CasbinMiddleware  
|---------|---------|---------|--------|---------------------------------------------------|-------------------------------------------------------------|------------------------------------------------|
  default | default | :8888   | GET    | /autoCode/getColume                               | server/app/api/v1.GetColumns                                | middleware.JwtAuth,middleware.CasbinMiddleware  
|---------|---------|---------|--------|---------------------------------------------------|-------------------------------------------------------------|------------------------------------------------|
  default | default | :8888   | GET    | /autoCode/getDB                                   | server/app/api/v1.GetDB                                     | middleware.JwtAuth,middleware.CasbinMiddleware  
|---------|---------|---------|--------|---------------------------------------------------|-------------------------------------------------------------|------------------------------------------------|
  default | default | :8888   | GET    | /autoCode/getTables                               | server/app/api/v1.GetTables                                 | middleware.JwtAuth,middleware.CasbinMiddleware  
|---------|---------|---------|--------|---------------------------------------------------|-------------------------------------------------------------|------------------------------------------------|
  default | default | :8888   | POST   | /base/captcha                                     | server/app/api/v1.Captcha                                   |                                                 
|---------|---------|---------|--------|---------------------------------------------------|-------------------------------------------------------------|------------------------------------------------|
  default | default | :8888   | POST   | /base/login                                       | github.com/gogf/gf-jwt.(*GfJWTMiddleware).LoginHandler-fm   |                                                 
|---------|---------|---------|--------|---------------------------------------------------|-------------------------------------------------------------|------------------------------------------------|
  default | default | :8888   | POST   | /base/refresh                                     | github.com/gogf/gf-jwt.(*GfJWTMiddleware).RefreshHandler-fm |                                                 
|---------|---------|---------|--------|---------------------------------------------------|-------------------------------------------------------------|------------------------------------------------|
  default | default | :8888   | POST   | /base/register                                    | server/app/api/v1.AdminRegister                             |                                                 
|---------|---------|---------|--------|---------------------------------------------------|-------------------------------------------------------------|------------------------------------------------|
  default | default | :8888   | GET    | /casbin/casbinTest/:pathParam                     | server/app/api/v1.CasbinTest                                | middleware.JwtAuth,middleware.CasbinMiddleware  
|---------|---------|---------|--------|---------------------------------------------------|-------------------------------------------------------------|------------------------------------------------|
  default | default | :8888   | POST   | /casbin/getPolicyPathByAuthorityId                | server/app/api/v1.GetPolicyPathByAuthorityId                | middleware.JwtAuth,middleware.CasbinMiddleware  
|---------|---------|---------|--------|---------------------------------------------------|-------------------------------------------------------------|------------------------------------------------|
  default | default | :8888   | POST   | /casbin/updateCasbin                              | server/app/api/v1.UpdateCasbin                              | middleware.JwtAuth,middleware.CasbinMiddleware  
|---------|---------|---------|--------|---------------------------------------------------|-------------------------------------------------------------|------------------------------------------------|
  default | default | :8888   | DELETE | /customer/customer                                | server/app/api/v1.DeleteCustomer                            | middleware.JwtAuth,middleware.CasbinMiddleware  
|---------|---------|---------|--------|---------------------------------------------------|-------------------------------------------------------------|------------------------------------------------|
  default | default | :8888   | GET    | /customer/customer                                | server/app/api/v1.FindCustomer                              | middleware.JwtAuth,middleware.CasbinMiddleware  
|---------|---------|---------|--------|---------------------------------------------------|-------------------------------------------------------------|------------------------------------------------|
  default | default | :8888   | POST   | /customer/customer                                | server/app/api/v1.CreateCustomer                            | middleware.JwtAuth,middleware.CasbinMiddleware  
|---------|---------|---------|--------|---------------------------------------------------|-------------------------------------------------------------|------------------------------------------------|
  default | default | :8888   | PUT    | /customer/customer                                | server/app/api/v1.UpdateCustomer                            | middleware.JwtAuth,middleware.CasbinMiddleware  
|---------|---------|---------|--------|---------------------------------------------------|-------------------------------------------------------------|------------------------------------------------|
  default | default | :8888   | GET    | /customer/customerList                            | server/app/api/v1.GetCustomerList                           | middleware.JwtAuth,middleware.CasbinMiddleware  
|---------|---------|---------|--------|---------------------------------------------------|-------------------------------------------------------------|------------------------------------------------|
  default | default | :8888   | POST   | /email/emailTest                                  | server/app/api/v1.EmailTest                                 | middleware.JwtAuth,middleware.CasbinMiddleware  
|---------|---------|---------|--------|---------------------------------------------------|-------------------------------------------------------------|------------------------------------------------|
  default | default | :8888   | POST   | /fileUploadAndDownload/breakpointContinue         | server/app/api/v1.BreakpointContinue                        |                                                 
|---------|---------|---------|--------|---------------------------------------------------|-------------------------------------------------------------|------------------------------------------------|
  default | default | :8888   | POST   | /fileUploadAndDownload/breakpointContinueFinish   | server/app/api/v1.BreakpointContinueFinish                  |                                                 
|---------|---------|---------|--------|---------------------------------------------------|-------------------------------------------------------------|------------------------------------------------|
  default | default | :8888   | POST   | /fileUploadAndDownload/deleteFile                 | server/app/api/v1.DeleteFile                                |                                                 
|---------|---------|---------|--------|---------------------------------------------------|-------------------------------------------------------------|------------------------------------------------|
  default | default | :8888   | GET    | /fileUploadAndDownload/findFile                   | server/app/api/v1.FindFile                                  |                                                 
|---------|---------|---------|--------|---------------------------------------------------|-------------------------------------------------------------|------------------------------------------------|
  default | default | :8888   | POST   | /fileUploadAndDownload/getFileList                | server/app/api/v1.GetFileList                               |                                                 
|---------|---------|---------|--------|---------------------------------------------------|-------------------------------------------------------------|------------------------------------------------|
  default | default | :8888   | POST   | /fileUploadAndDownload/removeChunk                | server/app/api/v1.RemoveChunk                               |                                                 
|---------|---------|---------|--------|---------------------------------------------------|-------------------------------------------------------------|------------------------------------------------|
  default | default | :8888   | POST   | /fileUploadAndDownload/upload                     | server/app/api/v1.UploadFile                                |                                                 
|---------|---------|---------|--------|---------------------------------------------------|-------------------------------------------------------------|------------------------------------------------|
  default | default | :8888   | POST   | /jwt/jsonInBlacklist                              | server/app/api/v1.JsonInBlacklist                           | middleware.JwtAuth,middleware.CasbinMiddleware  
|---------|---------|---------|--------|---------------------------------------------------|-------------------------------------------------------------|------------------------------------------------|
  default | default | :8888   | POST   | /menu/addBaseMenu                                 | server/app/api/v1.CreateBaseMenu                            | middleware.JwtAuth,middleware.CasbinMiddleware  
|---------|---------|---------|--------|---------------------------------------------------|-------------------------------------------------------------|------------------------------------------------|
  default | default | :8888   | POST   | /menu/addMenuAuthority                            | server/app/api/v1.AddMenuAuthority                          | middleware.JwtAuth,middleware.CasbinMiddleware  
|---------|---------|---------|--------|---------------------------------------------------|-------------------------------------------------------------|------------------------------------------------|
  default | default | :8888   | POST   | /menu/deleteBaseMenu                              | server/app/api/v1.DeleteBaseMenu                            | middleware.JwtAuth,middleware.CasbinMiddleware  
|---------|---------|---------|--------|---------------------------------------------------|-------------------------------------------------------------|------------------------------------------------|
  default | default | :8888   | POST   | /menu/getBaseMenuById                             | server/app/api/v1.GetBaseMenuById                           | middleware.JwtAuth,middleware.CasbinMiddleware  
|---------|---------|---------|--------|---------------------------------------------------|-------------------------------------------------------------|------------------------------------------------|
  default | default | :8888   | POST   | /menu/getBaseMenuTree                             | server/app/api/v1.GetBaseMenuTree                           | middleware.JwtAuth,middleware.CasbinMiddleware  
|---------|---------|---------|--------|---------------------------------------------------|-------------------------------------------------------------|------------------------------------------------|
  default | default | :8888   | POST   | /menu/getMenu                                     | server/app/api/v1.GetMenu                                   | middleware.JwtAuth,middleware.CasbinMiddleware  
|---------|---------|---------|--------|---------------------------------------------------|-------------------------------------------------------------|------------------------------------------------|
  default | default | :8888   | POST   | /menu/getMenuAuthority                            | server/app/api/v1.GetMenuAuthority                          | middleware.JwtAuth,middleware.CasbinMiddleware  
|---------|---------|---------|--------|---------------------------------------------------|-------------------------------------------------------------|------------------------------------------------|
  default | default | :8888   | POST   | /menu/getMenuList                                 | server/app/api/v1.GetMenuList                               | middleware.JwtAuth,middleware.CasbinMiddleware  
|---------|---------|---------|--------|---------------------------------------------------|-------------------------------------------------------------|------------------------------------------------|
  default | default | :8888   | POST   | /menu/updateBaseMenu                              | server/app/api/v1.UpdateBaseMenu                            | middleware.JwtAuth,middleware.CasbinMiddleware  
|---------|---------|---------|--------|---------------------------------------------------|-------------------------------------------------------------|------------------------------------------------|
  default | default | :8888   | GET    | /simpleUploader/checkFileMd5                      | server/app/api/v1.CheckFileMd5                              | middleware.JwtAuth                              
|---------|---------|---------|--------|---------------------------------------------------|-------------------------------------------------------------|------------------------------------------------|
  default | default | :8888   | GET    | /simpleUploader/mergeFileMd5                      | server/app/api/v1.MergeFileMd5                              | middleware.JwtAuth                              
|---------|---------|---------|--------|---------------------------------------------------|-------------------------------------------------------------|------------------------------------------------|
  default | default | :8888   | POST   | /simpleUploader/upload                            | server/app/api/v1.CreateSimpleUpload                        | middleware.JwtAuth                              
|---------|---------|---------|--------|---------------------------------------------------|-------------------------------------------------------------|------------------------------------------------|
  default | default | :8888   | POST   | /sysDictionary/createSysDictionary                | server/app/api/v1.CreateDictionary                          | middleware.JwtAuth,middleware.CasbinMiddleware  
|---------|---------|---------|--------|---------------------------------------------------|-------------------------------------------------------------|------------------------------------------------|
  default | default | :8888   | DELETE | /sysDictionary/deleteSysDictionary                | server/app/api/v1.DeleteDictionary                          | middleware.JwtAuth,middleware.CasbinMiddleware  
|---------|---------|---------|--------|---------------------------------------------------|-------------------------------------------------------------|------------------------------------------------|
  default | default | :8888   | GET    | /sysDictionary/findSysDictionary                  | server/app/api/v1.FindDictionary                            | middleware.JwtAuth,middleware.CasbinMiddleware  
|---------|---------|---------|--------|---------------------------------------------------|-------------------------------------------------------------|------------------------------------------------|
  default | default | :8888   | GET    | /sysDictionary/getSysDictionaryList               | server/app/api/v1.GetDictionaryList                         | middleware.JwtAuth,middleware.CasbinMiddleware  
|---------|---------|---------|--------|---------------------------------------------------|-------------------------------------------------------------|------------------------------------------------|
  default | default | :8888   | PUT    | /sysDictionary/updateSysDictionary                | server/app/api/v1.UpdateDictionary                          | middleware.JwtAuth,middleware.CasbinMiddleware  
|---------|---------|---------|--------|---------------------------------------------------|-------------------------------------------------------------|------------------------------------------------|
  default | default | :8888   | POST   | /sysDictionaryDetail/createSysDictionaryDetail    | server/app/api/v1.CreateDictionaryDetail                    | middleware.JwtAuth,middleware.CasbinMiddleware  
|---------|---------|---------|--------|---------------------------------------------------|-------------------------------------------------------------|------------------------------------------------|
  default | default | :8888   | DELETE | /sysDictionaryDetail/deleteSysDictionaryDetail    | server/app/api/v1.DeleteDictionaryDetail                    | middleware.JwtAuth,middleware.CasbinMiddleware  
|---------|---------|---------|--------|---------------------------------------------------|-------------------------------------------------------------|------------------------------------------------|
  default | default | :8888   | GET    | /sysDictionaryDetail/findSysDictionaryDetail      | server/app/api/v1.FindDictionaryDetail                      | middleware.JwtAuth,middleware.CasbinMiddleware  
|---------|---------|---------|--------|---------------------------------------------------|-------------------------------------------------------------|------------------------------------------------|
  default | default | :8888   | GET    | /sysDictionaryDetail/getSysDictionaryDetailList   | server/app/api/v1.GetDictionaryDetailList                   | middleware.JwtAuth,middleware.CasbinMiddleware  
|---------|---------|---------|--------|---------------------------------------------------|-------------------------------------------------------------|------------------------------------------------|
  default | default | :8888   | PUT    | /sysDictionaryDetail/updateSysDictionaryDetail    | server/app/api/v1.UpdateDictionaryDetail                    | middleware.JwtAuth,middleware.CasbinMiddleware  
|---------|---------|---------|--------|---------------------------------------------------|-------------------------------------------------------------|------------------------------------------------|
  default | default | :8888   | POST   | /sysOperationRecord/createOperationRecord         | server/app/api/v1.CreateOperation                           | middleware.JwtAuth,middleware.CasbinMiddleware  
|---------|---------|---------|--------|---------------------------------------------------|-------------------------------------------------------------|------------------------------------------------|
  default | default | :8888   | DELETE | /sysOperationRecord/deleteSysOperationRecordById  | server/app/api/v1.DeleteOperation                           | middleware.JwtAuth,middleware.CasbinMiddleware  
|---------|---------|---------|--------|---------------------------------------------------|-------------------------------------------------------------|------------------------------------------------|
  default | default | :8888   | DELETE | /sysOperationRecord/deleteSysOperationRecordByIds | server/app/api/v1.DeleteOperations                          | middleware.JwtAuth,middleware.CasbinMiddleware  
|---------|---------|---------|--------|---------------------------------------------------|-------------------------------------------------------------|------------------------------------------------|
  default | default | :8888   | GET    | /sysOperationRecord/findOperationRecord           | server/app/api/v1.FindOperation                             | middleware.JwtAuth,middleware.CasbinMiddleware  
|---------|---------|---------|--------|---------------------------------------------------|-------------------------------------------------------------|------------------------------------------------|
  default | default | :8888   | GET    | /sysOperationRecord/getSysOperationRecordList     | server/app/api/v1.GetOperationList                          | middleware.JwtAuth,middleware.CasbinMiddleware  
|---------|---------|---------|--------|---------------------------------------------------|-------------------------------------------------------------|------------------------------------------------|
  default | default | :8888   | PUT    | /sysOperationRecord/updateOperationRecord         | server/app/api/v1.UpdateOperation                           | middleware.JwtAuth,middleware.CasbinMiddleware  
|---------|---------|---------|--------|---------------------------------------------------|-------------------------------------------------------------|------------------------------------------------|
  default | default | :8888   | POST   | /system/getSystemConfig                           | server/app/api/v1.GetSystemConfig                           |                                                 
|---------|---------|---------|--------|---------------------------------------------------|-------------------------------------------------------------|------------------------------------------------|
  default | default | :8888   | POST   | /user/changePassword                              | server/app/api/v1.ChangePassword                            | middleware.JwtAuth,middleware.CasbinMiddleware  
|---------|---------|---------|--------|---------------------------------------------------|-------------------------------------------------------------|------------------------------------------------|
  default | default | :8888   | DELETE | /user/deleteUser                                  | server/app/api/v1.DeleteAdmin                               | middleware.JwtAuth,middleware.CasbinMiddleware  
|---------|---------|---------|--------|---------------------------------------------------|-------------------------------------------------------------|------------------------------------------------|
  default | default | :8888   | POST   | /user/getUserList                                 | server/app/api/v1.GetAdminList                              | middleware.JwtAuth,middleware.CasbinMiddleware  
|---------|---------|---------|--------|---------------------------------------------------|-------------------------------------------------------------|------------------------------------------------|
  default | default | :8888   | POST   | /user/setUserAuthority                            | server/app/api/v1.SetUserAuthority                          | middleware.JwtAuth,middleware.CasbinMiddleware  
|---------|---------|---------|--------|---------------------------------------------------|-------------------------------------------------------------|------------------------------------------------|
  default | default | :8888   | PUT    | /user/setUserInfo                                 | server/app/api/v1.SetAdminInfo                              | middleware.JwtAuth,middleware.CasbinMiddleware  
|---------|---------|---------|--------|---------------------------------------------------|-------------------------------------------------------------|------------------------------------------------|

2020-10-12 16:41:17.119 [FATA] 23496: net.Listen error: listen tcp :8888: bind: Only one usage of each socket address (protocol/network address/port) is normally permitted.
2020-10-12 16:42:43.517 17440: http server started listening on [:8888]

  SERVER  | DOMAIN  | ADDRESS | METHOD |                       ROUTE                       |                           HANDLER                           |                   MIDDLEWARE                    
|---------|---------|---------|--------|---------------------------------------------------|-------------------------------------------------------------|------------------------------------------------|
  default | default | :8888   | ALL    | /*                                                | server/app/middleware.Error                                 | GLOBAL MIDDLEWARE                               
|---------|---------|---------|--------|---------------------------------------------------|-------------------------------------------------------------|------------------------------------------------|
  default | default | :8888   | POST   | /api/createApi                                    | server/app/api/v1.CreateApi                                 | middleware.JwtAuth,middleware.CasbinMiddleware  
|---------|---------|---------|--------|---------------------------------------------------|-------------------------------------------------------------|------------------------------------------------|
  default | default | :8888   | POST   | /api/deleteApi                                    | server/app/api/v1.DeleteApi                                 | middleware.JwtAuth,middleware.CasbinMiddleware  
|---------|---------|---------|--------|---------------------------------------------------|-------------------------------------------------------------|------------------------------------------------|
  default | default | :8888   | POST   | /api/getAllApis                                   | server/app/api/v1.GetAllApis                                | middleware.JwtAuth,middleware.CasbinMiddleware  
|---------|---------|---------|--------|---------------------------------------------------|-------------------------------------------------------------|------------------------------------------------|
  default | default | :8888   | POST   | /api/getApiById                                   | server/app/api/v1.GetApiById                                | middleware.JwtAuth,middleware.CasbinMiddleware  
|---------|---------|---------|--------|---------------------------------------------------|-------------------------------------------------------------|------------------------------------------------|
  default | default | :8888   | POST   | /api/getApiList                                   | server/app/api/v1.GetApiList                                | middleware.JwtAuth,middleware.CasbinMiddleware  
|---------|---------|---------|--------|---------------------------------------------------|-------------------------------------------------------------|------------------------------------------------|
  default | default | :8888   | POST   | /api/updateApi                                    | server/app/api/v1.UpdateApi                                 | middleware.JwtAuth,middleware.CasbinMiddleware  
|---------|---------|---------|--------|---------------------------------------------------|-------------------------------------------------------------|------------------------------------------------|
  default | default | :8888   | POST   | /authority/copyAuthority                          | server/app/api/v1.CopyAuthority                             | middleware.JwtAuth,middleware.CasbinMiddleware  
|---------|---------|---------|--------|---------------------------------------------------|-------------------------------------------------------------|------------------------------------------------|
  default | default | :8888   | POST   | /authority/createAuthority                        | server/app/api/v1.CreateAuthority                           | middleware.JwtAuth,middleware.CasbinMiddleware  
|---------|---------|---------|--------|---------------------------------------------------|-------------------------------------------------------------|------------------------------------------------|
  default | default | :8888   | POST   | /authority/deleteAuthority                        | server/app/api/v1.DeleteAuthority                           | middleware.JwtAuth,middleware.CasbinMiddleware  
|---------|---------|---------|--------|---------------------------------------------------|-------------------------------------------------------------|------------------------------------------------|
  default | default | :8888   | POST   | /authority/getAuthorityList                       | server/app/api/v1.GetAuthorityList                          | middleware.JwtAuth,middleware.CasbinMiddleware  
|---------|---------|---------|--------|---------------------------------------------------|-------------------------------------------------------------|------------------------------------------------|
  default | default | :8888   | POST   | /authority/setDataAuthority                       | server/app/api/v1.SetDataAuthority                          | middleware.JwtAuth,middleware.CasbinMiddleware  
|---------|---------|---------|--------|---------------------------------------------------|-------------------------------------------------------------|------------------------------------------------|
  default | default | :8888   | PUT    | /authority/updateAuthority                        | server/app/api/v1.UpdateAuthority                           | middleware.JwtAuth,middleware.CasbinMiddleware  
|---------|---------|---------|--------|---------------------------------------------------|-------------------------------------------------------------|------------------------------------------------|
  default | default | :8888   | POST   | /autoCode/createTemp                              | server/app/api/v1.CreateTemp                                | middleware.JwtAuth,middleware.CasbinMiddleware  
|---------|---------|---------|--------|---------------------------------------------------|-------------------------------------------------------------|------------------------------------------------|
  default | default | :8888   | GET    | /autoCode/getColume                               | server/app/api/v1.GetColumns                                | middleware.JwtAuth,middleware.CasbinMiddleware  
|---------|---------|---------|--------|---------------------------------------------------|-------------------------------------------------------------|------------------------------------------------|
  default | default | :8888   | GET    | /autoCode/getDB                                   | server/app/api/v1.GetDB                                     | middleware.JwtAuth,middleware.CasbinMiddleware  
|---------|---------|---------|--------|---------------------------------------------------|-------------------------------------------------------------|------------------------------------------------|
  default | default | :8888   | GET    | /autoCode/getTables                               | server/app/api/v1.GetTables                                 | middleware.JwtAuth,middleware.CasbinMiddleware  
|---------|---------|---------|--------|---------------------------------------------------|-------------------------------------------------------------|------------------------------------------------|
  default | default | :8888   | POST   | /base/captcha                                     | server/app/api/v1.Captcha                                   |                                                 
|---------|---------|---------|--------|---------------------------------------------------|-------------------------------------------------------------|------------------------------------------------|
  default | default | :8888   | POST   | /base/login                                       | github.com/gogf/gf-jwt.(*GfJWTMiddleware).LoginHandler-fm   |                                                 
|---------|---------|---------|--------|---------------------------------------------------|-------------------------------------------------------------|------------------------------------------------|
  default | default | :8888   | POST   | /base/refresh                                     | github.com/gogf/gf-jwt.(*GfJWTMiddleware).RefreshHandler-fm |                                                 
|---------|---------|---------|--------|---------------------------------------------------|-------------------------------------------------------------|------------------------------------------------|
  default | default | :8888   | POST   | /base/register                                    | server/app/api/v1.AdminRegister                             |                                                 
|---------|---------|---------|--------|---------------------------------------------------|-------------------------------------------------------------|------------------------------------------------|
  default | default | :8888   | GET    | /casbin/casbinTest/:pathParam                     | server/app/api/v1.CasbinTest                                | middleware.JwtAuth,middleware.CasbinMiddleware  
|---------|---------|---------|--------|---------------------------------------------------|-------------------------------------------------------------|------------------------------------------------|
  default | default | :8888   | POST   | /casbin/getPolicyPathByAuthorityId                | server/app/api/v1.GetPolicyPathByAuthorityId                | middleware.JwtAuth,middleware.CasbinMiddleware  
|---------|---------|---------|--------|---------------------------------------------------|-------------------------------------------------------------|------------------------------------------------|
  default | default | :8888   | POST   | /casbin/updateCasbin                              | server/app/api/v1.UpdateCasbin                              | middleware.JwtAuth,middleware.CasbinMiddleware  
|---------|---------|---------|--------|---------------------------------------------------|-------------------------------------------------------------|------------------------------------------------|
  default | default | :8888   | DELETE | /customer/customer                                | server/app/api/v1.DeleteCustomer                            | middleware.JwtAuth,middleware.CasbinMiddleware  
|---------|---------|---------|--------|---------------------------------------------------|-------------------------------------------------------------|------------------------------------------------|
  default | default | :8888   | GET    | /customer/customer                                | server/app/api/v1.FindCustomer                              | middleware.JwtAuth,middleware.CasbinMiddleware  
|---------|---------|---------|--------|---------------------------------------------------|-------------------------------------------------------------|------------------------------------------------|
  default | default | :8888   | POST   | /customer/customer                                | server/app/api/v1.CreateCustomer                            | middleware.JwtAuth,middleware.CasbinMiddleware  
|---------|---------|---------|--------|---------------------------------------------------|-------------------------------------------------------------|------------------------------------------------|
  default | default | :8888   | PUT    | /customer/customer                                | server/app/api/v1.UpdateCustomer                            | middleware.JwtAuth,middleware.CasbinMiddleware  
|---------|---------|---------|--------|---------------------------------------------------|-------------------------------------------------------------|------------------------------------------------|
  default | default | :8888   | GET    | /customer/customerList                            | server/app/api/v1.GetCustomerList                           | middleware.JwtAuth,middleware.CasbinMiddleware  
|---------|---------|---------|--------|---------------------------------------------------|-------------------------------------------------------------|------------------------------------------------|
  default | default | :8888   | POST   | /email/emailTest                                  | server/app/api/v1.EmailTest                                 | middleware.JwtAuth,middleware.CasbinMiddleware  
|---------|---------|---------|--------|---------------------------------------------------|-------------------------------------------------------------|------------------------------------------------|
  default | default | :8888   | POST   | /fileUploadAndDownload/breakpointContinue         | server/app/api/v1.BreakpointContinue                        |                                                 
|---------|---------|---------|--------|---------------------------------------------------|-------------------------------------------------------------|------------------------------------------------|
  default | default | :8888   | POST   | /fileUploadAndDownload/breakpointContinueFinish   | server/app/api/v1.BreakpointContinueFinish                  |                                                 
|---------|---------|---------|--------|---------------------------------------------------|-------------------------------------------------------------|------------------------------------------------|
  default | default | :8888   | POST   | /fileUploadAndDownload/deleteFile                 | server/app/api/v1.DeleteFile                                |                                                 
|---------|---------|---------|--------|---------------------------------------------------|-------------------------------------------------------------|------------------------------------------------|
  default | default | :8888   | GET    | /fileUploadAndDownload/findFile                   | server/app/api/v1.FindFile                                  |                                                 
|---------|---------|---------|--------|---------------------------------------------------|-------------------------------------------------------------|------------------------------------------------|
  default | default | :8888   | POST   | /fileUploadAndDownload/getFileList                | server/app/api/v1.GetFileList                               |                                                 
|---------|---------|---------|--------|---------------------------------------------------|-------------------------------------------------------------|------------------------------------------------|
  default | default | :8888   | POST   | /fileUploadAndDownload/removeChunk                | server/app/api/v1.RemoveChunk                               |                                                 
|---------|---------|---------|--------|---------------------------------------------------|-------------------------------------------------------------|------------------------------------------------|
  default | default | :8888   | POST   | /fileUploadAndDownload/upload                     | server/app/api/v1.UploadFile                                |                                                 
|---------|---------|---------|--------|---------------------------------------------------|-------------------------------------------------------------|------------------------------------------------|
  default | default | :8888   | POST   | /jwt/jsonInBlacklist                              | server/app/api/v1.JsonInBlacklist                           | middleware.JwtAuth,middleware.CasbinMiddleware  
|---------|---------|---------|--------|---------------------------------------------------|-------------------------------------------------------------|------------------------------------------------|
  default | default | :8888   | POST   | /menu/addBaseMenu                                 | server/app/api/v1.CreateBaseMenu                            | middleware.JwtAuth,middleware.CasbinMiddleware  
|---------|---------|---------|--------|---------------------------------------------------|-------------------------------------------------------------|------------------------------------------------|
  default | default | :8888   | POST   | /menu/addMenuAuthority                            | server/app/api/v1.AddMenuAuthority                          | middleware.JwtAuth,middleware.CasbinMiddleware  
|---------|---------|---------|--------|---------------------------------------------------|-------------------------------------------------------------|------------------------------------------------|
  default | default | :8888   | POST   | /menu/deleteBaseMenu                              | server/app/api/v1.DeleteBaseMenu                            | middleware.JwtAuth,middleware.CasbinMiddleware  
|---------|---------|---------|--------|---------------------------------------------------|-------------------------------------------------------------|------------------------------------------------|
  default | default | :8888   | POST   | /menu/getBaseMenuById                             | server/app/api/v1.GetBaseMenuById                           | middleware.JwtAuth,middleware.CasbinMiddleware  
|---------|---------|---------|--------|---------------------------------------------------|-------------------------------------------------------------|------------------------------------------------|
  default | default | :8888   | POST   | /menu/getBaseMenuTree                             | server/app/api/v1.GetBaseMenuTree                           | middleware.JwtAuth,middleware.CasbinMiddleware  
|---------|---------|---------|--------|---------------------------------------------------|-------------------------------------------------------------|------------------------------------------------|
  default | default | :8888   | POST   | /menu/getMenu                                     | server/app/api/v1.GetMenu                                   | middleware.JwtAuth,middleware.CasbinMiddleware  
|---------|---------|---------|--------|---------------------------------------------------|-------------------------------------------------------------|------------------------------------------------|
  default | default | :8888   | POST   | /menu/getMenuAuthority                            | server/app/api/v1.GetMenuAuthority                          | middleware.JwtAuth,middleware.CasbinMiddleware  
|---------|---------|---------|--------|---------------------------------------------------|-------------------------------------------------------------|------------------------------------------------|
  default | default | :8888   | POST   | /menu/getMenuList                                 | server/app/api/v1.GetMenuList                               | middleware.JwtAuth,middleware.CasbinMiddleware  
|---------|---------|---------|--------|---------------------------------------------------|-------------------------------------------------------------|------------------------------------------------|
  default | default | :8888   | POST   | /menu/updateBaseMenu                              | server/app/api/v1.UpdateBaseMenu                            | middleware.JwtAuth,middleware.CasbinMiddleware  
|---------|---------|---------|--------|---------------------------------------------------|-------------------------------------------------------------|------------------------------------------------|
  default | default | :8888   | GET    | /simpleUploader/checkFileMd5                      | server/app/api/v1.CheckFileMd5                              | middleware.JwtAuth                              
|---------|---------|---------|--------|---------------------------------------------------|-------------------------------------------------------------|------------------------------------------------|
  default | default | :8888   | GET    | /simpleUploader/mergeFileMd5                      | server/app/api/v1.MergeFileMd5                              | middleware.JwtAuth                              
|---------|---------|---------|--------|---------------------------------------------------|-------------------------------------------------------------|------------------------------------------------|
  default | default | :8888   | POST   | /simpleUploader/upload                            | server/app/api/v1.CreateSimpleUpload                        | middleware.JwtAuth                              
|---------|---------|---------|--------|---------------------------------------------------|-------------------------------------------------------------|------------------------------------------------|
  default | default | :8888   | POST   | /sysDictionary/createSysDictionary                | server/app/api/v1.CreateDictionary                          | middleware.JwtAuth,middleware.CasbinMiddleware  
|---------|---------|---------|--------|---------------------------------------------------|-------------------------------------------------------------|------------------------------------------------|
  default | default | :8888   | DELETE | /sysDictionary/deleteSysDictionary                | server/app/api/v1.DeleteDictionary                          | middleware.JwtAuth,middleware.CasbinMiddleware  
|---------|---------|---------|--------|---------------------------------------------------|-------------------------------------------------------------|------------------------------------------------|
  default | default | :8888   | GET    | /sysDictionary/findSysDictionary                  | server/app/api/v1.FindDictionary                            | middleware.JwtAuth,middleware.CasbinMiddleware  
|---------|---------|---------|--------|---------------------------------------------------|-------------------------------------------------------------|------------------------------------------------|
  default | default | :8888   | GET    | /sysDictionary/getSysDictionaryList               | server/app/api/v1.GetDictionaryList                         | middleware.JwtAuth,middleware.CasbinMiddleware  
|---------|---------|---------|--------|---------------------------------------------------|-------------------------------------------------------------|------------------------------------------------|
  default | default | :8888   | PUT    | /sysDictionary/updateSysDictionary                | server/app/api/v1.UpdateDictionary                          | middleware.JwtAuth,middleware.CasbinMiddleware  
|---------|---------|---------|--------|---------------------------------------------------|-------------------------------------------------------------|------------------------------------------------|
  default | default | :8888   | POST   | /sysDictionaryDetail/createSysDictionaryDetail    | server/app/api/v1.CreateDictionaryDetail                    | middleware.JwtAuth,middleware.CasbinMiddleware  
|---------|---------|---------|--------|---------------------------------------------------|-------------------------------------------------------------|------------------------------------------------|
  default | default | :8888   | DELETE | /sysDictionaryDetail/deleteSysDictionaryDetail    | server/app/api/v1.DeleteDictionaryDetail                    | middleware.JwtAuth,middleware.CasbinMiddleware  
|---------|---------|---------|--------|---------------------------------------------------|-------------------------------------------------------------|------------------------------------------------|
  default | default | :8888   | GET    | /sysDictionaryDetail/findSysDictionaryDetail      | server/app/api/v1.FindDictionaryDetail                      | middleware.JwtAuth,middleware.CasbinMiddleware  
|---------|---------|---------|--------|---------------------------------------------------|-------------------------------------------------------------|------------------------------------------------|
  default | default | :8888   | GET    | /sysDictionaryDetail/getSysDictionaryDetailList   | server/app/api/v1.GetDictionaryDetailList                   | middleware.JwtAuth,middleware.CasbinMiddleware  
|---------|---------|---------|--------|---------------------------------------------------|-------------------------------------------------------------|------------------------------------------------|
  default | default | :8888   | PUT    | /sysDictionaryDetail/updateSysDictionaryDetail    | server/app/api/v1.UpdateDictionaryDetail                    | middleware.JwtAuth,middleware.CasbinMiddleware  
|---------|---------|---------|--------|---------------------------------------------------|-------------------------------------------------------------|------------------------------------------------|
  default | default | :8888   | POST   | /sysOperationRecord/createOperationRecord         | server/app/api/v1.CreateOperation                           | middleware.JwtAuth,middleware.CasbinMiddleware  
|---------|---------|---------|--------|---------------------------------------------------|-------------------------------------------------------------|------------------------------------------------|
  default | default | :8888   | DELETE | /sysOperationRecord/deleteSysOperationRecordById  | server/app/api/v1.DeleteOperation                           | middleware.JwtAuth,middleware.CasbinMiddleware  
|---------|---------|---------|--------|---------------------------------------------------|-------------------------------------------------------------|------------------------------------------------|
  default | default | :8888   | DELETE | /sysOperationRecord/deleteSysOperationRecordByIds | server/app/api/v1.DeleteOperations                          | middleware.JwtAuth,middleware.CasbinMiddleware  
|---------|---------|---------|--------|---------------------------------------------------|-------------------------------------------------------------|------------------------------------------------|
  default | default | :8888   | GET    | /sysOperationRecord/findOperationRecord           | server/app/api/v1.FindOperation                             | middleware.JwtAuth,middleware.CasbinMiddleware  
|---------|---------|---------|--------|---------------------------------------------------|-------------------------------------------------------------|------------------------------------------------|
  default | default | :8888   | GET    | /sysOperationRecord/getSysOperationRecordList     | server/app/api/v1.GetOperationList                          | middleware.JwtAuth,middleware.CasbinMiddleware  
|---------|---------|---------|--------|---------------------------------------------------|-------------------------------------------------------------|------------------------------------------------|
  default | default | :8888   | PUT    | /sysOperationRecord/updateOperationRecord         | server/app/api/v1.UpdateOperation                           | middleware.JwtAuth,middleware.CasbinMiddleware  
|---------|---------|---------|--------|---------------------------------------------------|-------------------------------------------------------------|------------------------------------------------|
  default | default | :8888   | POST   | /system/getSystemConfig                           | server/app/api/v1.GetSystemConfig                           |                                                 
|---------|---------|---------|--------|---------------------------------------------------|-------------------------------------------------------------|------------------------------------------------|
  default | default | :8888   | POST   | /user/changePassword                              | server/app/api/v1.ChangePassword                            | middleware.JwtAuth,middleware.CasbinMiddleware  
|---------|---------|---------|--------|---------------------------------------------------|-------------------------------------------------------------|------------------------------------------------|
  default | default | :8888   | DELETE | /user/deleteUser                                  | server/app/api/v1.DeleteAdmin                               | middleware.JwtAuth,middleware.CasbinMiddleware  
|---------|---------|---------|--------|---------------------------------------------------|-------------------------------------------------------------|------------------------------------------------|
  default | default | :8888   | POST   | /user/getUserList                                 | server/app/api/v1.GetAdminList                              | middleware.JwtAuth,middleware.CasbinMiddleware  
|---------|---------|---------|--------|---------------------------------------------------|-------------------------------------------------------------|------------------------------------------------|
  default | default | :8888   | POST   | /user/setUserAuthority                            | server/app/api/v1.SetUserAuthority                          | middleware.JwtAuth,middleware.CasbinMiddleware  
|---------|---------|---------|--------|---------------------------------------------------|-------------------------------------------------------------|------------------------------------------------|
  default | default | :8888   | PUT    | /user/setUserInfo                                 | server/app/api/v1.SetAdminInfo                              | middleware.JwtAuth,middleware.CasbinMiddleware  
|---------|---------|---------|--------|---------------------------------------------------|-------------------------------------------------------------|------------------------------------------------|

2020-10-12 19:21:34.851 21144: http server started listening on [:8888]

  SERVER  | DOMAIN  | ADDRESS | METHOD |                       ROUTE                       |                           HANDLER                           |                   MIDDLEWARE                    
|---------|---------|---------|--------|---------------------------------------------------|-------------------------------------------------------------|------------------------------------------------|
  default | default | :8888   | ALL    | /*                                                | server/app/middleware.Error                                 | GLOBAL MIDDLEWARE                               
|---------|---------|---------|--------|---------------------------------------------------|-------------------------------------------------------------|------------------------------------------------|
  default | default | :8888   | POST   | /api/createApi                                    | server/app/api/v1.CreateApi                                 | middleware.JwtAuth,middleware.CasbinMiddleware  
|---------|---------|---------|--------|---------------------------------------------------|-------------------------------------------------------------|------------------------------------------------|
  default | default | :8888   | POST   | /api/deleteApi                                    | server/app/api/v1.DeleteApi                                 | middleware.JwtAuth,middleware.CasbinMiddleware  
|---------|---------|---------|--------|---------------------------------------------------|-------------------------------------------------------------|------------------------------------------------|
  default | default | :8888   | POST   | /api/getAllApis                                   | server/app/api/v1.GetAllApis                                | middleware.JwtAuth,middleware.CasbinMiddleware  
|---------|---------|---------|--------|---------------------------------------------------|-------------------------------------------------------------|------------------------------------------------|
  default | default | :8888   | POST   | /api/getApiById                                   | server/app/api/v1.GetApiById                                | middleware.JwtAuth,middleware.CasbinMiddleware  
|---------|---------|---------|--------|---------------------------------------------------|-------------------------------------------------------------|------------------------------------------------|
  default | default | :8888   | POST   | /api/getApiList                                   | server/app/api/v1.GetApiList                                | middleware.JwtAuth,middleware.CasbinMiddleware  
|---------|---------|---------|--------|---------------------------------------------------|-------------------------------------------------------------|------------------------------------------------|
  default | default | :8888   | POST   | /api/updateApi                                    | server/app/api/v1.UpdateApi                                 | middleware.JwtAuth,middleware.CasbinMiddleware  
|---------|---------|---------|--------|---------------------------------------------------|-------------------------------------------------------------|------------------------------------------------|
  default | default | :8888   | POST   | /authority/copyAuthority                          | server/app/api/v1.CopyAuthority                             | middleware.JwtAuth,middleware.CasbinMiddleware  
|---------|---------|---------|--------|---------------------------------------------------|-------------------------------------------------------------|------------------------------------------------|
  default | default | :8888   | POST   | /authority/createAuthority                        | server/app/api/v1.CreateAuthority                           | middleware.JwtAuth,middleware.CasbinMiddleware  
|---------|---------|---------|--------|---------------------------------------------------|-------------------------------------------------------------|------------------------------------------------|
  default | default | :8888   | POST   | /authority/deleteAuthority                        | server/app/api/v1.DeleteAuthority                           | middleware.JwtAuth,middleware.CasbinMiddleware  
|---------|---------|---------|--------|---------------------------------------------------|-------------------------------------------------------------|------------------------------------------------|
  default | default | :8888   | POST   | /authority/getAuthorityList                       | server/app/api/v1.GetAuthorityList                          | middleware.JwtAuth,middleware.CasbinMiddleware  
|---------|---------|---------|--------|---------------------------------------------------|-------------------------------------------------------------|------------------------------------------------|
  default | default | :8888   | POST   | /authority/setDataAuthority                       | server/app/api/v1.SetDataAuthority                          | middleware.JwtAuth,middleware.CasbinMiddleware  
|---------|---------|---------|--------|---------------------------------------------------|-------------------------------------------------------------|------------------------------------------------|
  default | default | :8888   | PUT    | /authority/updateAuthority                        | server/app/api/v1.UpdateAuthority                           | middleware.JwtAuth,middleware.CasbinMiddleware  
|---------|---------|---------|--------|---------------------------------------------------|-------------------------------------------------------------|------------------------------------------------|
  default | default | :8888   | POST   | /autoCode/createTemp                              | server/app/api/v1.CreateTemp                                | middleware.JwtAuth,middleware.CasbinMiddleware  
|---------|---------|---------|--------|---------------------------------------------------|-------------------------------------------------------------|------------------------------------------------|
  default | default | :8888   | GET    | /autoCode/getColume                               | server/app/api/v1.GetColumns                                | middleware.JwtAuth,middleware.CasbinMiddleware  
|---------|---------|---------|--------|---------------------------------------------------|-------------------------------------------------------------|------------------------------------------------|
  default | default | :8888   | GET    | /autoCode/getDB                                   | server/app/api/v1.GetDB                                     | middleware.JwtAuth,middleware.CasbinMiddleware  
|---------|---------|---------|--------|---------------------------------------------------|-------------------------------------------------------------|------------------------------------------------|
  default | default | :8888   | GET    | /autoCode/getTables                               | server/app/api/v1.GetTables                                 | middleware.JwtAuth,middleware.CasbinMiddleware  
|---------|---------|---------|--------|---------------------------------------------------|-------------------------------------------------------------|------------------------------------------------|
  default | default | :8888   | POST   | /base/captcha                                     | server/app/api/v1.Captcha                                   |                                                 
|---------|---------|---------|--------|---------------------------------------------------|-------------------------------------------------------------|------------------------------------------------|
  default | default | :8888   | POST   | /base/login                                       | github.com/gogf/gf-jwt.(*GfJWTMiddleware).LoginHandler-fm   |                                                 
|---------|---------|---------|--------|---------------------------------------------------|-------------------------------------------------------------|------------------------------------------------|
  default | default | :8888   | POST   | /base/refresh                                     | github.com/gogf/gf-jwt.(*GfJWTMiddleware).RefreshHandler-fm |                                                 
|---------|---------|---------|--------|---------------------------------------------------|-------------------------------------------------------------|------------------------------------------------|
  default | default | :8888   | POST   | /base/register                                    | server/app/api/v1.AdminRegister                             |                                                 
|---------|---------|---------|--------|---------------------------------------------------|-------------------------------------------------------------|------------------------------------------------|
  default | default | :8888   | GET    | /casbin/casbinTest/:pathParam                     | server/app/api/v1.CasbinTest                                | middleware.JwtAuth,middleware.CasbinMiddleware  
|---------|---------|---------|--------|---------------------------------------------------|-------------------------------------------------------------|------------------------------------------------|
  default | default | :8888   | POST   | /casbin/getPolicyPathByAuthorityId                | server/app/api/v1.GetPolicyPathByAuthorityId                | middleware.JwtAuth,middleware.CasbinMiddleware  
|---------|---------|---------|--------|---------------------------------------------------|-------------------------------------------------------------|------------------------------------------------|
  default | default | :8888   | POST   | /casbin/updateCasbin                              | server/app/api/v1.UpdateCasbin                              | middleware.JwtAuth,middleware.CasbinMiddleware  
|---------|---------|---------|--------|---------------------------------------------------|-------------------------------------------------------------|------------------------------------------------|
  default | default | :8888   | DELETE | /customer/customer                                | server/app/api/v1.DeleteCustomer                            | middleware.JwtAuth,middleware.CasbinMiddleware  
|---------|---------|---------|--------|---------------------------------------------------|-------------------------------------------------------------|------------------------------------------------|
  default | default | :8888   | GET    | /customer/customer                                | server/app/api/v1.FindCustomer                              | middleware.JwtAuth,middleware.CasbinMiddleware  
|---------|---------|---------|--------|---------------------------------------------------|-------------------------------------------------------------|------------------------------------------------|
  default | default | :8888   | POST   | /customer/customer                                | server/app/api/v1.CreateCustomer                            | middleware.JwtAuth,middleware.CasbinMiddleware  
|---------|---------|---------|--------|---------------------------------------------------|-------------------------------------------------------------|------------------------------------------------|
  default | default | :8888   | PUT    | /customer/customer                                | server/app/api/v1.UpdateCustomer                            | middleware.JwtAuth,middleware.CasbinMiddleware  
|---------|---------|---------|--------|---------------------------------------------------|-------------------------------------------------------------|------------------------------------------------|
  default | default | :8888   | GET    | /customer/customerList                            | server/app/api/v1.GetCustomerList                           | middleware.JwtAuth,middleware.CasbinMiddleware  
|---------|---------|---------|--------|---------------------------------------------------|-------------------------------------------------------------|------------------------------------------------|
  default | default | :8888   | POST   | /email/emailTest                                  | server/app/api/v1.EmailTest                                 | middleware.JwtAuth,middleware.CasbinMiddleware  
|---------|---------|---------|--------|---------------------------------------------------|-------------------------------------------------------------|------------------------------------------------|
  default | default | :8888   | POST   | /fileUploadAndDownload/breakpointContinue         | server/app/api/v1.BreakpointContinue                        |                                                 
|---------|---------|---------|--------|---------------------------------------------------|-------------------------------------------------------------|------------------------------------------------|
  default | default | :8888   | POST   | /fileUploadAndDownload/breakpointContinueFinish   | server/app/api/v1.BreakpointContinueFinish                  |                                                 
|---------|---------|---------|--------|---------------------------------------------------|-------------------------------------------------------------|------------------------------------------------|
  default | default | :8888   | POST   | /fileUploadAndDownload/deleteFile                 | server/app/api/v1.DeleteFile                                |                                                 
|---------|---------|---------|--------|---------------------------------------------------|-------------------------------------------------------------|------------------------------------------------|
  default | default | :8888   | GET    | /fileUploadAndDownload/findFile                   | server/app/api/v1.FindFile                                  |                                                 
|---------|---------|---------|--------|---------------------------------------------------|-------------------------------------------------------------|------------------------------------------------|
  default | default | :8888   | POST   | /fileUploadAndDownload/getFileList                | server/app/api/v1.GetFileList                               |                                                 
|---------|---------|---------|--------|---------------------------------------------------|-------------------------------------------------------------|------------------------------------------------|
  default | default | :8888   | POST   | /fileUploadAndDownload/removeChunk                | server/app/api/v1.RemoveChunk                               |                                                 
|---------|---------|---------|--------|---------------------------------------------------|-------------------------------------------------------------|------------------------------------------------|
  default | default | :8888   | POST   | /fileUploadAndDownload/upload                     | server/app/api/v1.UploadFile                                |                                                 
|---------|---------|---------|--------|---------------------------------------------------|-------------------------------------------------------------|------------------------------------------------|
  default | default | :8888   | POST   | /jwt/jsonInBlacklist                              | server/app/api/v1.JsonInBlacklist                           | middleware.JwtAuth,middleware.CasbinMiddleware  
|---------|---------|---------|--------|---------------------------------------------------|-------------------------------------------------------------|------------------------------------------------|
  default | default | :8888   | POST   | /menu/addBaseMenu                                 | server/app/api/v1.CreateBaseMenu                            | middleware.JwtAuth,middleware.CasbinMiddleware  
|---------|---------|---------|--------|---------------------------------------------------|-------------------------------------------------------------|------------------------------------------------|
  default | default | :8888   | POST   | /menu/addMenuAuthority                            | server/app/api/v1.AddMenuAuthority                          | middleware.JwtAuth,middleware.CasbinMiddleware  
|---------|---------|---------|--------|---------------------------------------------------|-------------------------------------------------------------|------------------------------------------------|
  default | default | :8888   | POST   | /menu/deleteBaseMenu                              | server/app/api/v1.DeleteBaseMenu                            | middleware.JwtAuth,middleware.CasbinMiddleware  
|---------|---------|---------|--------|---------------------------------------------------|-------------------------------------------------------------|------------------------------------------------|
  default | default | :8888   | POST   | /menu/getBaseMenuById                             | server/app/api/v1.GetBaseMenuById                           | middleware.JwtAuth,middleware.CasbinMiddleware  
|---------|---------|---------|--------|---------------------------------------------------|-------------------------------------------------------------|------------------------------------------------|
  default | default | :8888   | POST   | /menu/getBaseMenuTree                             | server/app/api/v1.GetBaseMenuTree                           | middleware.JwtAuth,middleware.CasbinMiddleware  
|---------|---------|---------|--------|---------------------------------------------------|-------------------------------------------------------------|------------------------------------------------|
  default | default | :8888   | POST   | /menu/getMenu                                     | server/app/api/v1.GetMenu                                   | middleware.JwtAuth,middleware.CasbinMiddleware  
|---------|---------|---------|--------|---------------------------------------------------|-------------------------------------------------------------|------------------------------------------------|
  default | default | :8888   | POST   | /menu/getMenuAuthority                            | server/app/api/v1.GetMenuAuthority                          | middleware.JwtAuth,middleware.CasbinMiddleware  
|---------|---------|---------|--------|---------------------------------------------------|-------------------------------------------------------------|------------------------------------------------|
  default | default | :8888   | POST   | /menu/getMenuList                                 | server/app/api/v1.GetMenuList                               | middleware.JwtAuth,middleware.CasbinMiddleware  
|---------|---------|---------|--------|---------------------------------------------------|-------------------------------------------------------------|------------------------------------------------|
  default | default | :8888   | POST   | /menu/updateBaseMenu                              | server/app/api/v1.UpdateBaseMenu                            | middleware.JwtAuth,middleware.CasbinMiddleware  
|---------|---------|---------|--------|---------------------------------------------------|-------------------------------------------------------------|------------------------------------------------|
  default | default | :8888   | GET    | /simpleUploader/checkFileMd5                      | server/app/api/v1.CheckFileMd5                              | middleware.JwtAuth                              
|---------|---------|---------|--------|---------------------------------------------------|-------------------------------------------------------------|------------------------------------------------|
  default | default | :8888   | GET    | /simpleUploader/mergeFileMd5                      | server/app/api/v1.MergeFileMd5                              | middleware.JwtAuth                              
|---------|---------|---------|--------|---------------------------------------------------|-------------------------------------------------------------|------------------------------------------------|
  default | default | :8888   | POST   | /simpleUploader/upload                            | server/app/api/v1.CreateSimpleUpload                        | middleware.JwtAuth                              
|---------|---------|---------|--------|---------------------------------------------------|-------------------------------------------------------------|------------------------------------------------|
  default | default | :8888   | POST   | /sysDictionary/createSysDictionary                | server/app/api/v1.CreateDictionary                          | middleware.JwtAuth,middleware.CasbinMiddleware  
|---------|---------|---------|--------|---------------------------------------------------|-------------------------------------------------------------|------------------------------------------------|
  default | default | :8888   | DELETE | /sysDictionary/deleteSysDictionary                | server/app/api/v1.DeleteDictionary                          | middleware.JwtAuth,middleware.CasbinMiddleware  
|---------|---------|---------|--------|---------------------------------------------------|-------------------------------------------------------------|------------------------------------------------|
  default | default | :8888   | GET    | /sysDictionary/findSysDictionary                  | server/app/api/v1.FindDictionary                            | middleware.JwtAuth,middleware.CasbinMiddleware  
|---------|---------|---------|--------|---------------------------------------------------|-------------------------------------------------------------|------------------------------------------------|
  default | default | :8888   | GET    | /sysDictionary/getSysDictionaryList               | server/app/api/v1.GetDictionaryList                         | middleware.JwtAuth,middleware.CasbinMiddleware  
|---------|---------|---------|--------|---------------------------------------------------|-------------------------------------------------------------|------------------------------------------------|
  default | default | :8888   | PUT    | /sysDictionary/updateSysDictionary                | server/app/api/v1.UpdateDictionary                          | middleware.JwtAuth,middleware.CasbinMiddleware  
|---------|---------|---------|--------|---------------------------------------------------|-------------------------------------------------------------|------------------------------------------------|
  default | default | :8888   | POST   | /sysDictionaryDetail/createSysDictionaryDetail    | server/app/api/v1.CreateDictionaryDetail                    | middleware.JwtAuth,middleware.CasbinMiddleware  
|---------|---------|---------|--------|---------------------------------------------------|-------------------------------------------------------------|------------------------------------------------|
  default | default | :8888   | DELETE | /sysDictionaryDetail/deleteSysDictionaryDetail    | server/app/api/v1.DeleteDictionaryDetail                    | middleware.JwtAuth,middleware.CasbinMiddleware  
|---------|---------|---------|--------|---------------------------------------------------|-------------------------------------------------------------|------------------------------------------------|
  default | default | :8888   | GET    | /sysDictionaryDetail/findSysDictionaryDetail      | server/app/api/v1.FindDictionaryDetail                      | middleware.JwtAuth,middleware.CasbinMiddleware  
|---------|---------|---------|--------|---------------------------------------------------|-------------------------------------------------------------|------------------------------------------------|
  default | default | :8888   | GET    | /sysDictionaryDetail/getSysDictionaryDetailList   | server/app/api/v1.GetDictionaryDetailList                   | middleware.JwtAuth,middleware.CasbinMiddleware  
|---------|---------|---------|--------|---------------------------------------------------|-------------------------------------------------------------|------------------------------------------------|
  default | default | :8888   | PUT    | /sysDictionaryDetail/updateSysDictionaryDetail    | server/app/api/v1.UpdateDictionaryDetail                    | middleware.JwtAuth,middleware.CasbinMiddleware  
|---------|---------|---------|--------|---------------------------------------------------|-------------------------------------------------------------|------------------------------------------------|
  default | default | :8888   | POST   | /sysOperationRecord/createOperationRecord         | server/app/api/v1.CreateOperation                           | middleware.JwtAuth,middleware.CasbinMiddleware  
|---------|---------|---------|--------|---------------------------------------------------|-------------------------------------------------------------|------------------------------------------------|
  default | default | :8888   | DELETE | /sysOperationRecord/deleteSysOperationRecordById  | server/app/api/v1.DeleteOperation                           | middleware.JwtAuth,middleware.CasbinMiddleware  
|---------|---------|---------|--------|---------------------------------------------------|-------------------------------------------------------------|------------------------------------------------|
  default | default | :8888   | DELETE | /sysOperationRecord/deleteSysOperationRecordByIds | server/app/api/v1.DeleteOperations                          | middleware.JwtAuth,middleware.CasbinMiddleware  
|---------|---------|---------|--------|---------------------------------------------------|-------------------------------------------------------------|------------------------------------------------|
  default | default | :8888   | GET    | /sysOperationRecord/findOperationRecord           | server/app/api/v1.FindOperation                             | middleware.JwtAuth,middleware.CasbinMiddleware  
|---------|---------|---------|--------|---------------------------------------------------|-------------------------------------------------------------|------------------------------------------------|
  default | default | :8888   | GET    | /sysOperationRecord/getSysOperationRecordList     | server/app/api/v1.GetOperationList                          | middleware.JwtAuth,middleware.CasbinMiddleware  
|---------|---------|---------|--------|---------------------------------------------------|-------------------------------------------------------------|------------------------------------------------|
  default | default | :8888   | PUT    | /sysOperationRecord/updateOperationRecord         | server/app/api/v1.UpdateOperation                           | middleware.JwtAuth,middleware.CasbinMiddleware  
|---------|---------|---------|--------|---------------------------------------------------|-------------------------------------------------------------|------------------------------------------------|
  default | default | :8888   | POST   | /system/getSystemConfig                           | server/app/api/v1.GetSystemConfig                           |                                                 
|---------|---------|---------|--------|---------------------------------------------------|-------------------------------------------------------------|------------------------------------------------|
  default | default | :8888   | POST   | /user/changePassword                              | server/app/api/v1.ChangePassword                            | middleware.JwtAuth,middleware.CasbinMiddleware  
|---------|---------|---------|--------|---------------------------------------------------|-------------------------------------------------------------|------------------------------------------------|
  default | default | :8888   | DELETE | /user/deleteUser                                  | server/app/api/v1.DeleteAdmin                               | middleware.JwtAuth,middleware.CasbinMiddleware  
|---------|---------|---------|--------|---------------------------------------------------|-------------------------------------------------------------|------------------------------------------------|
  default | default | :8888   | POST   | /user/getUserList                                 | server/app/api/v1.GetAdminList                              | middleware.JwtAuth,middleware.CasbinMiddleware  
|---------|---------|---------|--------|---------------------------------------------------|-------------------------------------------------------------|------------------------------------------------|
  default | default | :8888   | POST   | /user/setUserAuthority                            | server/app/api/v1.SetUserAuthority                          | middleware.JwtAuth,middleware.CasbinMiddleware  
|---------|---------|---------|--------|---------------------------------------------------|-------------------------------------------------------------|------------------------------------------------|
  default | default | :8888   | PUT    | /user/setUserInfo                                 | server/app/api/v1.SetAdminInfo                              | middleware.JwtAuth,middleware.CasbinMiddleware  
|---------|---------|---------|--------|---------------------------------------------------|-------------------------------------------------------------|------------------------------------------------|

